<?xml version="1.0" encoding="UTF-8"?>
<testsuite name="agh.ics.oop.RectangularMapTest" tests="4" skipped="0" failures="0" errors="0" timestamp="2022-11-21T20:05:29" hostname="MacBook-Pro-Adam.local" time="0.049">
  <properties/>
  <testcase name="objectAtTest()" classname="agh.ics.oop.RectangularMapTest" time="0.038"/>
  <testcase name="isOccupiedTest()" classname="agh.ics.oop.RectangularMapTest" time="0.002"/>
  <testcase name="canMoveToTest()" classname="agh.ics.oop.RectangularMapTest" time="0.001"/>
  <testcase name="placeTest()" classname="agh.ics.oop.RectangularMapTest" time="0.001"/>
  <system-out><![CDATA[Liczba zwierząt: 2
 y\x  0 1 2 3 4
  5: -----------
  4: | | | |^| |
  3: | | | | | |
  2: | | |^| | |
  1: | | | | | |
  0: | | | | | |
 -1: -----------

]]></system-out>
  <system-err><![CDATA[]]></system-err>
</testsuite>
