<?xml version="1.0" encoding="UTF-8"?>
<testsuite name="agh.ics.oop.SimulationEngineTest" tests="1" skipped="0" failures="0" errors="0" timestamp="2022-12-01T22:37:32" hostname="MacBook-Pro-Adam.local" time="0.045">
  <properties/>
  <testcase name="runTest()" classname="agh.ics.oop.SimulationEngineTest" time="0.045"/>
  <system-out><![CDATA[Liczba zwierząt: 2
 y\x  0 1 2 3 4
 10: -----------
  9: | | | | | |
  8: | | | | | |
  7: | | | | | |
  6: | | | | | |
  5: | | | | | |
  4: | | | |^| |
  3: | | | | | |
  2: | | |^| | |
  1: | | | | | |
  0: | | | | | |
 -1: -----------

 y\x  0 1 2 3 4
 10: -----------
  9: | | | | | |
  8: | | | | | |
  7: | | | | | |
  6: | | | | | |
  5: | | | | | |
  4: | | | |^| |
  3: | | |^| | |
  2: | | | | | |
  1: | | | | | |
  0: | | | | | |
 -1: -----------

 y\x  0 1 2 3 4
 10: -----------
  9: | | | | | |
  8: | | | | | |
  7: | | | | | |
  6: | | | | | |
  5: | | | | | |
  4: | | | | | |
  3: | | |^|^| |
  2: | | | | | |
  1: | | | | | |
  0: | | | | | |
 -1: -----------

 y\x  0 1 2 3 4
 10: -----------
  9: | | | | | |
  8: | | | | | |
  7: | | | | | |
  6: | | | | | |
  5: | | | | | |
  4: | | | | | |
  3: | | |>|^| |
  2: | | | | | |
  1: | | | | | |
  0: | | | | | |
 -1: -----------

 y\x  0 1 2 3 4
 10: -----------
  9: | | | | | |
  8: | | | | | |
  7: | | | | | |
  6: | | | | | |
  5: | | | | | |
  4: | | | | | |
  3: | | |>|<| |
  2: | | | | | |
  1: | | | | | |
  0: | | | | | |
 -1: -----------

 y\x  0 1 2 3 4
 10: -----------
  9: | | | | | |
  8: | | | | | |
  7: | | | | | |
  6: | | | | | |
  5: | | | | | |
  4: | | | | | |
  3: | | |>|<| |
  2: | | | | | |
  1: | | | | | |
  0: | | | | | |
 -1: -----------

 y\x  0 1 2 3 4
 10: -----------
  9: | | | | | |
  8: | | | | | |
  7: | | | | | |
  6: | | | | | |
  5: | | | | | |
  4: | | | | | |
  3: | | |>|<| |
  2: | | | | | |
  1: | | | | | |
  0: | | | | | |
 -1: -----------

 y\x  0 1 2 3 4
 10: -----------
  9: | | | | | |
  8: | | | | | |
  7: | | | | | |
  6: | | | | | |
  5: | | | | | |
  4: | | | | | |
  3: | | |v|<| |
  2: | | | | | |
  1: | | | | | |
  0: | | | | | |
 -1: -----------

 y\x  0 1 2 3 4
 10: -----------
  9: | | | | | |
  8: | | | | | |
  7: | | | | | |
  6: | | | | | |
  5: | | | | | |
  4: | | | | | |
  3: | | |v|^| |
  2: | | | | | |
  1: | | | | | |
  0: | | | | | |
 -1: -----------

 y\x  0 1 2 3 4
 10: -----------
  9: | | | | | |
  8: | | | | | |
  7: | | | | | |
  6: | | | | | |
  5: | | | | | |
  4: | | | | | |
  3: | | | |^| |
  2: | | |v| | |
  1: | | | | | |
  0: | | | | | |
 -1: -----------

 y\x  0 1 2 3 4
 10: -----------
  9: | | | | | |
  8: | | | | | |
  7: | | | | | |
  6: | | | | | |
  5: | | | | | |
  4: | | | |^| |
  3: | | | | | |
  2: | | |v| | |
  1: | | | | | |
  0: | | | | | |
 -1: -----------

 y\x  0 1 2 3 4
 10: -----------
  9: | | | | | |
  8: | | | | | |
  7: | | | | | |
  6: | | | | | |
  5: | | | | | |
  4: | | | |^| |
  3: | | | | | |
  2: | | | | | |
  1: | | |v| | |
  0: | | | | | |
 -1: -----------

 y\x  0 1 2 3 4
 10: -----------
  9: | | | | | |
  8: | | | | | |
  7: | | | | | |
  6: | | | | | |
  5: | | | |^| |
  4: | | | | | |
  3: | | | | | |
  2: | | | | | |
  1: | | |v| | |
  0: | | | | | |
 -1: -----------

 y\x  0 1 2 3 4
 10: -----------
  9: | | | | | |
  8: | | | | | |
  7: | | | | | |
  6: | | | | | |
  5: | | | |^| |
  4: | | | | | |
  3: | | | | | |
  2: | | | | | |
  1: | | | | | |
  0: | | |v| | |
 -1: -----------

 y\x  0 1 2 3 4
 10: -----------
  9: | | | | | |
  8: | | | | | |
  7: | | | | | |
  6: | | | |^| |
  5: | | | | | |
  4: | | | | | |
  3: | | | | | |
  2: | | | | | |
  1: | | | | | |
  0: | | |v| | |
 -1: -----------

 y\x  0 1 2 3 4
 10: -----------
  9: | | | | | |
  8: | | | | | |
  7: | | | | | |
  6: | | | |^| |
  5: | | | | | |
  4: | | | | | |
  3: | | | | | |
  2: | | | | | |
  1: | | | | | |
  0: | | |v| | |
 -1: -----------

 y\x  0 1 2 3 4
 10: -----------
  9: | | | | | |
  8: | | | | | |
  7: | | | |^| |
  6: | | | | | |
  5: | | | | | |
  4: | | | | | |
  3: | | | | | |
  2: | | | | | |
  1: | | | | | |
  0: | | |v| | |
 -1: -----------

]]></system-out>
  <system-err><![CDATA[]]></system-err>
</testsuite>
